<?xml version="1.0" encoding="UTF-8"?>
<!-- Generated by org.testng.reporters.JUnitReportReporter -->
<testsuite hostname="LAPTOP-BO6IPNBJ" failures="0" tests="1" name="mis_test.Test_Domicilio" time="9.993" errors="0" timestamp="2023-04-06T20:40:54 ART" skipped="0">
  <testcase classname="mis_test.Test_Domicilio" name="Test_Domicilio" time="9.993"/>
  <system-out/>
</testsuite> <!-- mis_test.Test_Domicilio -->
